Initialize model.
Model values at time =    0.0
   0.0   3.0   4.0   3.0   0.0
   0.0   0.0   0.0   0.0   0.0
   0.0   0.0   0.0   0.0   0.0
   0.0   0.0   0.0   0.0   0.0
   0.0   0.0   0.0   0.0   0.0
   0.0   0.0   0.0   0.0   0.0
   0.0   0.0   0.0   0.0   0.0
   0.0   0.0   0.0   0.0   0.0
   0.0   0.0   0.0   0.0   0.0
   0.0   0.0   0.0   0.0   0.0
Model values at time =    1.0
   0.0   3.0   4.0   3.0   0.0
   0.0   0.8   1.0   0.8   0.0
   0.0   0.0   0.0   0.0   0.0
   0.0   0.0   0.0   0.0   0.0
   0.0   0.0   0.0   0.0   0.0
   0.0   0.0   0.0   0.0   0.0
   0.0   0.0   0.0   0.0   0.0
   0.0   0.0   0.0   0.0   0.0
   0.0   0.0   0.0   0.0   0.0
   0.0   0.0   0.0   0.0   0.0
Model values at time =    2.0
   0.0   3.0   4.0   3.0   0.0
   0.0   1.0   1.4   1.0   0.0
   0.0   0.2   0.2   0.2   0.0
   0.0   0.0   0.0   0.0   0.0
   0.0   0.0   0.0   0.0   0.0
   0.0   0.0   0.0   0.0   0.0
   0.0   0.0   0.0   0.0   0.0
   0.0   0.0   0.0   0.0   0.0
   0.0   0.0   0.0   0.0   0.0
   0.0   0.0   0.0   0.0   0.0
Model values at time =    3.0
   0.0   3.0   4.0   3.0   0.0
   0.0   1.1   1.6   1.1   0.0
   0.0   0.3   0.4   0.3   0.0
   0.0   0.0   0.1   0.0   0.0
   0.0   0.0   0.0   0.0   0.0
   0.0   0.0   0.0   0.0   0.0
   0.0   0.0   0.0   0.0   0.0
   0.0   0.0   0.0   0.0   0.0
   0.0   0.0   0.0   0.0   0.0
   0.0   0.0   0.0   0.0   0.0
Model values at time =    4.0
   0.0   3.0   4.0   3.0   0.0
   0.0   1.2   1.7   1.2   0.0
   0.0   0.4   0.6   0.4   0.0
   0.0   0.1   0.1   0.1   0.0
   0.0   0.0   0.0   0.0   0.0
   0.0   0.0   0.0   0.0   0.0
   0.0   0.0   0.0   0.0   0.0
   0.0   0.0   0.0   0.0   0.0
   0.0   0.0   0.0   0.0   0.0
   0.0   0.0   0.0   0.0   0.0
Model values at time =    5.0
   0.0   3.0   4.0   3.0   0.0
   0.0   1.3   1.8   1.3   0.0
   0.0   0.5   0.7   0.5   0.0
   0.0   0.1   0.2   0.1   0.0
   0.0   0.0   0.0   0.0   0.0
   0.0   0.0   0.0   0.0   0.0
   0.0   0.0   0.0   0.0   0.0
   0.0   0.0   0.0   0.0   0.0
   0.0   0.0   0.0   0.0   0.0
   0.0   0.0   0.0   0.0   0.0
Model values at time =    6.0
   0.0   3.0   4.0   3.0   0.0
   0.0   1.3   1.8   1.3   0.0
   0.0   0.5   0.7   0.5   0.0
   0.0   0.2   0.2   0.2   0.0
   0.0   0.0   0.1   0.0   0.0
   0.0   0.0   0.0   0.0   0.0
   0.0   0.0   0.0   0.0   0.0
   0.0   0.0   0.0   0.0   0.0
   0.0   0.0   0.0   0.0   0.0
   0.0   0.0   0.0   0.0   0.0
Model values at time =    7.0
   0.0   3.0   4.0   3.0   0.0
   0.0   1.3   1.8   1.3   0.0
   0.0   0.5   0.8   0.5   0.0
   0.0   0.2   0.3   0.2   0.0
   0.0   0.1   0.1   0.1   0.0
   0.0   0.0   0.0   0.0   0.0
   0.0   0.0   0.0   0.0   0.0
   0.0   0.0   0.0   0.0   0.0
   0.0   0.0   0.0   0.0   0.0
   0.0   0.0   0.0   0.0   0.0
Model values at time =    8.0
   0.0   3.0   4.0   3.0   0.0
   0.0   1.3   1.9   1.3   0.0
   0.0   0.6   0.8   0.6   0.0
   0.0   0.2   0.3   0.2   0.0
   0.0   0.1   0.1   0.1   0.0
   0.0   0.0   0.0   0.0   0.0
   0.0   0.0   0.0   0.0   0.0
   0.0   0.0   0.0   0.0   0.0
   0.0   0.0   0.0   0.0   0.0
   0.0   0.0   0.0   0.0   0.0
Model values at time =    9.0
   0.0   3.0   4.0   3.0   0.0
   0.0   1.4   1.9   1.4   0.0
   0.0   0.6   0.8   0.6   0.0
   0.0   0.2   0.3   0.2   0.0
   0.0   0.1   0.1   0.1   0.0
   0.0   0.0   0.0   0.0   0.0
   0.0   0.0   0.0   0.0   0.0
   0.0   0.0   0.0   0.0   0.0
   0.0   0.0   0.0   0.0   0.0
   0.0   0.0   0.0   0.0   0.0
Model values at time =   10.0
   0.0   3.0   4.0   3.0   0.0
   0.0   1.4   1.9   1.4   0.0
   0.0   0.6   0.8   0.6   0.0
   0.0   0.3   0.4   0.3   0.0
   0.0   0.1   0.1   0.1   0.0
   0.0   0.0   0.0   0.0   0.0
   0.0   0.0   0.0   0.0   0.0
   0.0   0.0   0.0   0.0   0.0
   0.0   0.0   0.0   0.0   0.0
   0.0   0.0   0.0   0.0   0.0
Model values at time =   11.0
   0.0   3.0   4.0   3.0   0.0
   0.0   1.4   1.9   1.4   0.0
   0.0   0.6   0.9   0.6   0.0
   0.0   0.3   0.4   0.3   0.0
   0.0   0.1   0.2   0.1   0.0
   0.0   0.0   0.1   0.0   0.0
   0.0   0.0   0.0   0.0   0.0
   0.0   0.0   0.0   0.0   0.0
   0.0   0.0   0.0   0.0   0.0
   0.0   0.0   0.0   0.0   0.0
Model values at time =   12.0
   0.0   3.0   4.0   3.0   0.0
   0.0   1.4   1.9   1.4   0.0
   0.0   0.6   0.9   0.6   0.0
   0.0   0.3   0.4   0.3   0.0
   0.0   0.1   0.2   0.1   0.0
   0.0   0.0   0.1   0.0   0.0
   0.0   0.0   0.0   0.0   0.0
   0.0   0.0   0.0   0.0   0.0
   0.0   0.0   0.0   0.0   0.0
   0.0   0.0   0.0   0.0   0.0
Model values at time =   13.0
   0.0   3.0   4.0   3.0   0.0
   0.0   1.4   1.9   1.4   0.0
   0.0   0.6   0.9   0.6   0.0
   0.0   0.3   0.4   0.3   0.0
   0.0   0.1   0.2   0.1   0.0
   0.0   0.0   0.1   0.0   0.0
   0.0   0.0   0.0   0.0   0.0
   0.0   0.0   0.0   0.0   0.0
   0.0   0.0   0.0   0.0   0.0
   0.0   0.0   0.0   0.0   0.0
Model values at time =   14.0
   0.0   3.0   4.0   3.0   0.0
   0.0   1.4   1.9   1.4   0.0
   0.0   0.6   0.9   0.6   0.0
   0.0   0.3   0.4   0.3   0.0
   0.0   0.1   0.2   0.1   0.0
   0.0   0.1   0.1   0.1   0.0
   0.0   0.0   0.0   0.0   0.0
   0.0   0.0   0.0   0.0   0.0
   0.0   0.0   0.0   0.0   0.0
   0.0   0.0   0.0   0.0   0.0
Model values at time =   15.0
   0.0   3.0   4.0   3.0   0.0
   0.0   1.4   1.9   1.4   0.0
   0.0   0.6   0.9   0.6   0.0
   0.0   0.3   0.4   0.3   0.0
   0.0   0.1   0.2   0.1   0.0
   0.0   0.1   0.1   0.1   0.0
   0.0   0.0   0.0   0.0   0.0
   0.0   0.0   0.0   0.0   0.0
   0.0   0.0   0.0   0.0   0.0
   0.0   0.0   0.0   0.0   0.0
Model values at time =   16.0
   0.0   3.0   4.0   3.0   0.0
   0.0   1.4   1.9   1.4   0.0
   0.0   0.6   0.9   0.6   0.0
   0.0   0.3   0.4   0.3   0.0
   0.0   0.1   0.2   0.1   0.0
   0.0   0.1   0.1   0.1   0.0
   0.0   0.0   0.0   0.0   0.0
   0.0   0.0   0.0   0.0   0.0
   0.0   0.0   0.0   0.0   0.0
   0.0   0.0   0.0   0.0   0.0
Model values at time =   17.0
   0.0   3.0   4.0   3.0   0.0
   0.0   1.4   1.9   1.4   0.0
   0.0   0.6   0.9   0.6   0.0
   0.0   0.3   0.4   0.3   0.0
   0.0   0.1   0.2   0.1   0.0
   0.0   0.1   0.1   0.1   0.0
   0.0   0.0   0.0   0.0   0.0
   0.0   0.0   0.0   0.0   0.0
   0.0   0.0   0.0   0.0   0.0
   0.0   0.0   0.0   0.0   0.0
Model values at time =   18.0
   0.0   3.0   4.0   3.0   0.0
   0.0   1.4   1.9   1.4   0.0
   0.0   0.6   0.9   0.6   0.0
   0.0   0.3   0.4   0.3   0.0
   0.0   0.1   0.2   0.1   0.0
   0.0   0.1   0.1   0.1   0.0
   0.0   0.0   0.0   0.0   0.0
   0.0   0.0   0.0   0.0   0.0
   0.0   0.0   0.0   0.0   0.0
   0.0   0.0   0.0   0.0   0.0
Model values at time =   19.0
   0.0   3.0   4.0   3.0   0.0
   0.0   1.4   1.9   1.4   0.0
   0.0   0.6   0.9   0.6   0.0
   0.0   0.3   0.4   0.3   0.0
   0.0   0.1   0.2   0.1   0.0
   0.0   0.1   0.1   0.1   0.0
   0.0   0.0   0.0   0.0   0.0
   0.0   0.0   0.0   0.0   0.0
   0.0   0.0   0.0   0.0   0.0
   0.0   0.0   0.0   0.0   0.0
Model values at time =   20.0
   0.0   3.0   4.0   3.0   0.0
   0.0   1.4   1.9   1.4   0.0
   0.0   0.7   0.9   0.7   0.0
   0.0   0.3   0.4   0.3   0.0
   0.0   0.1   0.2   0.1   0.0
   0.0   0.1   0.1   0.1   0.0
   0.0   0.0   0.0   0.0   0.0
   0.0   0.0   0.0   0.0   0.0
   0.0   0.0   0.0   0.0   0.0
   0.0   0.0   0.0   0.0   0.0
Model values at time =   21.0
   0.0   3.0   4.0   3.0   0.0
   0.0   1.4   1.9   1.4   0.0
   0.0   0.7   0.9   0.7   0.0
   0.0   0.3   0.4   0.3   0.0
   0.0   0.1   0.2   0.1   0.0
   0.0   0.1   0.1   0.1   0.0
   0.0   0.0   0.0   0.0   0.0
   0.0   0.0   0.0   0.0   0.0
   0.0   0.0   0.0   0.0   0.0
   0.0   0.0   0.0   0.0   0.0
Model values at time =   22.0
   0.0   3.0   4.0   3.0   0.0
   0.0   1.4   1.9   1.4   0.0
   0.0   0.7   0.9   0.7   0.0
   0.0   0.3   0.4   0.3   0.0
   0.0   0.1   0.2   0.1   0.0
   0.0   0.1   0.1   0.1   0.0
   0.0   0.0   0.0   0.0   0.0
   0.0   0.0   0.0   0.0   0.0
   0.0   0.0   0.0   0.0   0.0
   0.0   0.0   0.0   0.0   0.0
Model values at time =   23.0
   0.0   3.0   4.0   3.0   0.0
   0.0   1.4   1.9   1.4   0.0
   0.0   0.7   0.9   0.7   0.0
   0.0   0.3   0.4   0.3   0.0
   0.0   0.1   0.2   0.1   0.0
   0.0   0.1   0.1   0.1   0.0
   0.0   0.0   0.0   0.0   0.0
   0.0   0.0   0.0   0.0   0.0
   0.0   0.0   0.0   0.0   0.0
   0.0   0.0   0.0   0.0   0.0
Model values at time =   24.0
   0.0   3.0   4.0   3.0   0.0
   0.0   1.4   1.9   1.4   0.0
   0.0   0.7   0.9   0.7   0.0
   0.0   0.3   0.4   0.3   0.0
   0.0   0.1   0.2   0.1   0.0
   0.0   0.1   0.1   0.1   0.0
   0.0   0.0   0.0   0.0   0.0
   0.0   0.0   0.0   0.0   0.0
   0.0   0.0   0.0   0.0   0.0
   0.0   0.0   0.0   0.0   0.0
Model values at time =   25.0
   0.0   3.0   4.0   3.0   0.0
   0.0   1.4   1.9   1.4   0.0
   0.0   0.7   0.9   0.7   0.0
   0.0   0.3   0.4   0.3   0.0
   0.0   0.1   0.2   0.1   0.0
   0.0   0.1   0.1   0.1   0.0
   0.0   0.0   0.0   0.0   0.0
   0.0   0.0   0.0   0.0   0.0
   0.0   0.0   0.0   0.0   0.0
   0.0   0.0   0.0   0.0   0.0
Model values at time =   26.0
   0.0   3.0   4.0   3.0   0.0
   0.0   1.4   1.9   1.4   0.0
   0.0   0.7   0.9   0.7   0.0
   0.0   0.3   0.4   0.3   0.0
   0.0   0.1   0.2   0.1   0.0
   0.0   0.1   0.1   0.1   0.0
   0.0   0.0   0.0   0.0   0.0
   0.0   0.0   0.0   0.0   0.0
   0.0   0.0   0.0   0.0   0.0
   0.0   0.0   0.0   0.0   0.0
Model values at time =   27.0
   0.0   3.0   4.0   3.0   0.0
   0.0   1.4   1.9   1.4   0.0
   0.0   0.7   0.9   0.7   0.0
   0.0   0.3   0.4   0.3   0.0
   0.0   0.1   0.2   0.1   0.0
   0.0   0.1   0.1   0.1   0.0
   0.0   0.0   0.0   0.0   0.0
   0.0   0.0   0.0   0.0   0.0
   0.0   0.0   0.0   0.0   0.0
   0.0   0.0   0.0   0.0   0.0
Model values at time =   28.0
   0.0   3.0   4.0   3.0   0.0
   0.0   1.4   1.9   1.4   0.0
   0.0   0.7   0.9   0.7   0.0
   0.0   0.3   0.4   0.3   0.0
   0.0   0.1   0.2   0.1   0.0
   0.0   0.1   0.1   0.1   0.0
   0.0   0.0   0.0   0.0   0.0
   0.0   0.0   0.0   0.0   0.0
   0.0   0.0   0.0   0.0   0.0
   0.0   0.0   0.0   0.0   0.0
Model values at time =   29.0
   0.0   3.0   4.0   3.0   0.0
   0.0   1.4   1.9   1.4   0.0
   0.0   0.7   0.9   0.7   0.0
   0.0   0.3   0.4   0.3   0.0
   0.0   0.1   0.2   0.1   0.0
   0.0   0.1   0.1   0.1   0.0
   0.0   0.0   0.0   0.0   0.0
   0.0   0.0   0.0   0.0   0.0
   0.0   0.0   0.0   0.0   0.0
   0.0   0.0   0.0   0.0   0.0
Model values at time =   30.0
   0.0   3.0   4.0   3.0   0.0
   0.0   1.4   1.9   1.4   0.0
   0.0   0.7   0.9   0.7   0.0
   0.0   0.3   0.4   0.3   0.0
   0.0   0.1   0.2   0.1   0.0
   0.0   0.1   0.1   0.1   0.0
   0.0   0.0   0.0   0.0   0.0
   0.0   0.0   0.0   0.0   0.0
   0.0   0.0   0.0   0.0   0.0
   0.0   0.0   0.0   0.0   0.0
Model values at time =   31.0
   0.0   3.0   4.0   3.0   0.0
   0.0   1.4   1.9   1.4   0.0
   0.0   0.7   0.9   0.7   0.0
   0.0   0.3   0.4   0.3   0.0
   0.0   0.1   0.2   0.1   0.0
   0.0   0.1   0.1   0.1   0.0
   0.0   0.0   0.0   0.0   0.0
   0.0   0.0   0.0   0.0   0.0
   0.0   0.0   0.0   0.0   0.0
   0.0   0.0   0.0   0.0   0.0
Model values at time =   32.0
   0.0   3.0   4.0   3.0   0.0
   0.0   1.4   1.9   1.4   0.0
   0.0   0.7   0.9   0.7   0.0
   0.0   0.3   0.4   0.3   0.0
   0.0   0.1   0.2   0.1   0.0
   0.0   0.1   0.1   0.1   0.0
   0.0   0.0   0.0   0.0   0.0
   0.0   0.0   0.0   0.0   0.0
   0.0   0.0   0.0   0.0   0.0
   0.0   0.0   0.0   0.0   0.0
Model values at time =   33.0
   0.0   3.0   4.0   3.0   0.0
   0.0   1.4   1.9   1.4   0.0
   0.0   0.7   0.9   0.7   0.0
   0.0   0.3   0.4   0.3   0.0
   0.0   0.1   0.2   0.1   0.0
   0.0   0.1   0.1   0.1   0.0
   0.0   0.0   0.0   0.0   0.0
   0.0   0.0   0.0   0.0   0.0
   0.0   0.0   0.0   0.0   0.0
   0.0   0.0   0.0   0.0   0.0
Model values at time =   34.0
   0.0   3.0   4.0   3.0   0.0
   0.0   1.4   1.9   1.4   0.0
   0.0   0.7   0.9   0.7   0.0
   0.0   0.3   0.4   0.3   0.0
   0.0   0.1   0.2   0.1   0.0
   0.0   0.1   0.1   0.1   0.0
   0.0   0.0   0.0   0.0   0.0
   0.0   0.0   0.0   0.0   0.0
   0.0   0.0   0.0   0.0   0.0
   0.0   0.0   0.0   0.0   0.0
Model values at time =   35.0
   0.0   3.0   4.0   3.0   0.0
   0.0   1.4   1.9   1.4   0.0
   0.0   0.7   0.9   0.7   0.0
   0.0   0.3   0.4   0.3   0.0
   0.0   0.1   0.2   0.1   0.0
   0.0   0.1   0.1   0.1   0.0
   0.0   0.0   0.0   0.0   0.0
   0.0   0.0   0.0   0.0   0.0
   0.0   0.0   0.0   0.0   0.0
   0.0   0.0   0.0   0.0   0.0
Model values at time =   36.0
   0.0   3.0   4.0   3.0   0.0
   0.0   1.4   1.9   1.4   0.0
   0.0   0.7   0.9   0.7   0.0
   0.0   0.3   0.4   0.3   0.0
   0.0   0.1   0.2   0.1   0.0
   0.0   0.1   0.1   0.1   0.0
   0.0   0.0   0.0   0.0   0.0
   0.0   0.0   0.0   0.0   0.0
   0.0   0.0   0.0   0.0   0.0
   0.0   0.0   0.0   0.0   0.0
Model values at time =   37.0
   0.0   3.0   4.0   3.0   0.0
   0.0   1.4   1.9   1.4   0.0
   0.0   0.7   0.9   0.7   0.0
   0.0   0.3   0.4   0.3   0.0
   0.0   0.1   0.2   0.1   0.0
   0.0   0.1   0.1   0.1   0.0
   0.0   0.0   0.0   0.0   0.0
   0.0   0.0   0.0   0.0   0.0
   0.0   0.0   0.0   0.0   0.0
   0.0   0.0   0.0   0.0   0.0
Model values at time =   38.0
   0.0   3.0   4.0   3.0   0.0
   0.0   1.4   1.9   1.4   0.0
   0.0   0.7   0.9   0.7   0.0
   0.0   0.3   0.4   0.3   0.0
   0.0   0.1   0.2   0.1   0.0
   0.0   0.1   0.1   0.1   0.0
   0.0   0.0   0.0   0.0   0.0
   0.0   0.0   0.0   0.0   0.0
   0.0   0.0   0.0   0.0   0.0
   0.0   0.0   0.0   0.0   0.0
Model values at time =   39.0
   0.0   3.0   4.0   3.0   0.0
   0.0   1.4   1.9   1.4   0.0
   0.0   0.7   0.9   0.7   0.0
   0.0   0.3   0.4   0.3   0.0
   0.0   0.1   0.2   0.1   0.0
   0.0   0.1   0.1   0.1   0.0
   0.0   0.0   0.0   0.0   0.0
   0.0   0.0   0.0   0.0   0.0
   0.0   0.0   0.0   0.0   0.0
   0.0   0.0   0.0   0.0   0.0
Model values at time =   40.0
   0.0   3.0   4.0   3.0   0.0
   0.0   1.4   1.9   1.4   0.0
   0.0   0.7   0.9   0.7   0.0
   0.0   0.3   0.4   0.3   0.0
   0.0   0.1   0.2   0.1   0.0
   0.0   0.1   0.1   0.1   0.0
   0.0   0.0   0.0   0.0   0.0
   0.0   0.0   0.0   0.0   0.0
   0.0   0.0   0.0   0.0   0.0
   0.0   0.0   0.0   0.0   0.0
Model values at time =   41.0
   0.0   3.0   4.0   3.0   0.0
   0.0   1.4   1.9   1.4   0.0
   0.0   0.7   0.9   0.7   0.0
   0.0   0.3   0.4   0.3   0.0
   0.0   0.1   0.2   0.1   0.0
   0.0   0.1   0.1   0.1   0.0
   0.0   0.0   0.0   0.0   0.0
   0.0   0.0   0.0   0.0   0.0
   0.0   0.0   0.0   0.0   0.0
   0.0   0.0   0.0   0.0   0.0
Model values at time =   42.0
   0.0   3.0   4.0   3.0   0.0
   0.0   1.4   1.9   1.4   0.0
   0.0   0.7   0.9   0.7   0.0
   0.0   0.3   0.4   0.3   0.0
   0.0   0.1   0.2   0.1   0.0
   0.0   0.1   0.1   0.1   0.0
   0.0   0.0   0.0   0.0   0.0
   0.0   0.0   0.0   0.0   0.0
   0.0   0.0   0.0   0.0   0.0
   0.0   0.0   0.0   0.0   0.0
Model values at time =   43.0
   0.0   3.0   4.0   3.0   0.0
   0.0   1.4   1.9   1.4   0.0
   0.0   0.7   0.9   0.7   0.0
   0.0   0.3   0.4   0.3   0.0
   0.0   0.1   0.2   0.1   0.0
   0.0   0.1   0.1   0.1   0.0
   0.0   0.0   0.0   0.0   0.0
   0.0   0.0   0.0   0.0   0.0
   0.0   0.0   0.0   0.0   0.0
   0.0   0.0   0.0   0.0   0.0
Model values at time =   44.0
   0.0   3.0   4.0   3.0   0.0
   0.0   1.4   1.9   1.4   0.0
   0.0   0.7   0.9   0.7   0.0
   0.0   0.3   0.4   0.3   0.0
   0.0   0.1   0.2   0.1   0.0
   0.0   0.1   0.1   0.1   0.0
   0.0   0.0   0.0   0.0   0.0
   0.0   0.0   0.0   0.0   0.0
   0.0   0.0   0.0   0.0   0.0
   0.0   0.0   0.0   0.0   0.0
Model values at time =   45.0
   0.0   3.0   4.0   3.0   0.0
   0.0   1.4   1.9   1.4   0.0
   0.0   0.7   0.9   0.7   0.0
   0.0   0.3   0.4   0.3   0.0
   0.0   0.1   0.2   0.1   0.0
   0.0   0.1   0.1   0.1   0.0
   0.0   0.0   0.0   0.0   0.0
   0.0   0.0   0.0   0.0   0.0
   0.0   0.0   0.0   0.0   0.0
   0.0   0.0   0.0   0.0   0.0
Model values at time =   46.0
   0.0   3.0   4.0   3.0   0.0
   0.0   1.4   1.9   1.4   0.0
   0.0   0.7   0.9   0.7   0.0
   0.0   0.3   0.4   0.3   0.0
   0.0   0.1   0.2   0.1   0.0
   0.0   0.1   0.1   0.1   0.0
   0.0   0.0   0.0   0.0   0.0
   0.0   0.0   0.0   0.0   0.0
   0.0   0.0   0.0   0.0   0.0
   0.0   0.0   0.0   0.0   0.0
Model values at time =   47.0
   0.0   3.0   4.0   3.0   0.0
   0.0   1.4   1.9   1.4   0.0
   0.0   0.7   0.9   0.7   0.0
   0.0   0.3   0.4   0.3   0.0
   0.0   0.1   0.2   0.1   0.0
   0.0   0.1   0.1   0.1   0.0
   0.0   0.0   0.0   0.0   0.0
   0.0   0.0   0.0   0.0   0.0
   0.0   0.0   0.0   0.0   0.0
   0.0   0.0   0.0   0.0   0.0
Model values at time =   48.0
   0.0   3.0   4.0   3.0   0.0
   0.0   1.4   1.9   1.4   0.0
   0.0   0.7   0.9   0.7   0.0
   0.0   0.3   0.4   0.3   0.0
   0.0   0.1   0.2   0.1   0.0
   0.0   0.1   0.1   0.1   0.0
   0.0   0.0   0.0   0.0   0.0
   0.0   0.0   0.0   0.0   0.0
   0.0   0.0   0.0   0.0   0.0
   0.0   0.0   0.0   0.0   0.0
Model values at time =   49.0
   0.0   3.0   4.0   3.0   0.0
   0.0   1.4   1.9   1.4   0.0
   0.0   0.7   0.9   0.7   0.0
   0.0   0.3   0.4   0.3   0.0
   0.0   0.1   0.2   0.1   0.0
   0.0   0.1   0.1   0.1   0.0
   0.0   0.0   0.0   0.0   0.0
   0.0   0.0   0.0   0.0   0.0
   0.0   0.0   0.0   0.0   0.0
   0.0   0.0   0.0   0.0   0.0
Model values at time =   50.0
   0.0   3.0   4.0   3.0   0.0
   0.0   1.4   1.9   1.4   0.0
   0.0   0.7   0.9   0.7   0.0
   0.0   0.3   0.4   0.3   0.0
   0.0   0.1   0.2   0.1   0.0
   0.0   0.1   0.1   0.1   0.0
   0.0   0.0   0.0   0.0   0.0
   0.0   0.0   0.0   0.0   0.0
   0.0   0.0   0.0   0.0   0.0
   0.0   0.0   0.0   0.0   0.0
Model values at time =   51.0
   0.0   3.0   4.0   3.0   0.0
   0.0   1.4   1.9   1.4   0.0
   0.0   0.7   0.9   0.7   0.0
   0.0   0.3   0.4   0.3   0.0
   0.0   0.1   0.2   0.1   0.0
   0.0   0.1   0.1   0.1   0.0
   0.0   0.0   0.0   0.0   0.0
   0.0   0.0   0.0   0.0   0.0
   0.0   0.0   0.0   0.0   0.0
   0.0   0.0   0.0   0.0   0.0
Model values at time =   52.0
   0.0   3.0   4.0   3.0   0.0
   0.0   1.4   1.9   1.4   0.0
   0.0   0.7   0.9   0.7   0.0
   0.0   0.3   0.4   0.3   0.0
   0.0   0.1   0.2   0.1   0.0
   0.0   0.1   0.1   0.1   0.0
   0.0   0.0   0.0   0.0   0.0
   0.0   0.0   0.0   0.0   0.0
   0.0   0.0   0.0   0.0   0.0
   0.0   0.0   0.0   0.0   0.0
Model values at time =   53.0
   0.0   3.0   4.0   3.0   0.0
   0.0   1.4   1.9   1.4   0.0
   0.0   0.7   0.9   0.7   0.0
   0.0   0.3   0.4   0.3   0.0
   0.0   0.1   0.2   0.1   0.0
   0.0   0.1   0.1   0.1   0.0
   0.0   0.0   0.0   0.0   0.0
   0.0   0.0   0.0   0.0   0.0
   0.0   0.0   0.0   0.0   0.0
   0.0   0.0   0.0   0.0   0.0
Model values at time =   54.0
   0.0   3.0   4.0   3.0   0.0
   0.0   1.4   1.9   1.4   0.0
   0.0   0.7   0.9   0.7   0.0
   0.0   0.3   0.4   0.3   0.0
   0.0   0.1   0.2   0.1   0.0
   0.0   0.1   0.1   0.1   0.0
   0.0   0.0   0.0   0.0   0.0
   0.0   0.0   0.0   0.0   0.0
   0.0   0.0   0.0   0.0   0.0
   0.0   0.0   0.0   0.0   0.0
Model values at time =   55.0
   0.0   3.0   4.0   3.0   0.0
   0.0   1.4   1.9   1.4   0.0
   0.0   0.7   0.9   0.7   0.0
   0.0   0.3   0.4   0.3   0.0
   0.0   0.1   0.2   0.1   0.0
   0.0   0.1   0.1   0.1   0.0
   0.0   0.0   0.0   0.0   0.0
   0.0   0.0   0.0   0.0   0.0
   0.0   0.0   0.0   0.0   0.0
   0.0   0.0   0.0   0.0   0.0
Model values at time =   56.0
   0.0   3.0   4.0   3.0   0.0
   0.0   1.4   1.9   1.4   0.0
   0.0   0.7   0.9   0.7   0.0
   0.0   0.3   0.4   0.3   0.0
   0.0   0.1   0.2   0.1   0.0
   0.0   0.1   0.1   0.1   0.0
   0.0   0.0   0.0   0.0   0.0
   0.0   0.0   0.0   0.0   0.0
   0.0   0.0   0.0   0.0   0.0
   0.0   0.0   0.0   0.0   0.0
Model values at time =   57.0
   0.0   3.0   4.0   3.0   0.0
   0.0   1.4   1.9   1.4   0.0
   0.0   0.7   0.9   0.7   0.0
   0.0   0.3   0.4   0.3   0.0
   0.0   0.1   0.2   0.1   0.0
   0.0   0.1   0.1   0.1   0.0
   0.0   0.0   0.0   0.0   0.0
   0.0   0.0   0.0   0.0   0.0
   0.0   0.0   0.0   0.0   0.0
   0.0   0.0   0.0   0.0   0.0
Model values at time =   58.0
   0.0   3.0   4.0   3.0   0.0
   0.0   1.4   1.9   1.4   0.0
   0.0   0.7   0.9   0.7   0.0
   0.0   0.3   0.4   0.3   0.0
   0.0   0.1   0.2   0.1   0.0
   0.0   0.1   0.1   0.1   0.0
   0.0   0.0   0.0   0.0   0.0
   0.0   0.0   0.0   0.0   0.0
   0.0   0.0   0.0   0.0   0.0
   0.0   0.0   0.0   0.0   0.0
Model values at time =   59.0
   0.0   3.0   4.0   3.0   0.0
   0.0   1.4   1.9   1.4   0.0
   0.0   0.7   0.9   0.7   0.0
   0.0   0.3   0.4   0.3   0.0
   0.0   0.1   0.2   0.1   0.0
   0.0   0.1   0.1   0.1   0.0
   0.0   0.0   0.0   0.0   0.0
   0.0   0.0   0.0   0.0   0.0
   0.0   0.0   0.0   0.0   0.0
   0.0   0.0   0.0   0.0   0.0
Model values at time =   60.0
   0.0   3.0   4.0   3.0   0.0
   0.0   1.4   1.9   1.4   0.0
   0.0   0.7   0.9   0.7   0.0
   0.0   0.3   0.4   0.3   0.0
   0.0   0.1   0.2   0.1   0.0
   0.0   0.1   0.1   0.1   0.0
   0.0   0.0   0.0   0.0   0.0
   0.0   0.0   0.0   0.0   0.0
   0.0   0.0   0.0   0.0   0.0
   0.0   0.0   0.0   0.0   0.0
Model values at time =   61.0
   0.0   3.0   4.0   3.0   0.0
   0.0   1.4   1.9   1.4   0.0
   0.0   0.7   0.9   0.7   0.0
   0.0   0.3   0.4   0.3   0.0
   0.0   0.1   0.2   0.1   0.0
   0.0   0.1   0.1   0.1   0.0
   0.0   0.0   0.0   0.0   0.0
   0.0   0.0   0.0   0.0   0.0
   0.0   0.0   0.0   0.0   0.0
   0.0   0.0   0.0   0.0   0.0
Model values at time =   62.0
   0.0   3.0   4.0   3.0   0.0
   0.0   1.4   1.9   1.4   0.0
   0.0   0.7   0.9   0.7   0.0
   0.0   0.3   0.4   0.3   0.0
   0.0   0.1   0.2   0.1   0.0
   0.0   0.1   0.1   0.1   0.0
   0.0   0.0   0.0   0.0   0.0
   0.0   0.0   0.0   0.0   0.0
   0.0   0.0   0.0   0.0   0.0
   0.0   0.0   0.0   0.0   0.0
Model values at time =   63.0
   0.0   3.0   4.0   3.0   0.0
   0.0   1.4   1.9   1.4   0.0
   0.0   0.7   0.9   0.7   0.0
   0.0   0.3   0.4   0.3   0.0
   0.0   0.1   0.2   0.1   0.0
   0.0   0.1   0.1   0.1   0.0
   0.0   0.0   0.0   0.0   0.0
   0.0   0.0   0.0   0.0   0.0
   0.0   0.0   0.0   0.0   0.0
   0.0   0.0   0.0   0.0   0.0
Model values at time =   64.0
   0.0   3.0   4.0   3.0   0.0
   0.0   1.4   1.9   1.4   0.0
   0.0   0.7   0.9   0.7   0.0
   0.0   0.3   0.4   0.3   0.0
   0.0   0.1   0.2   0.1   0.0
   0.0   0.1   0.1   0.1   0.0
   0.0   0.0   0.0   0.0   0.0
   0.0   0.0   0.0   0.0   0.0
   0.0   0.0   0.0   0.0   0.0
   0.0   0.0   0.0   0.0   0.0
Model values at time =   65.0
   0.0   3.0   4.0   3.0   0.0
   0.0   1.4   1.9   1.4   0.0
   0.0   0.7   0.9   0.7   0.0
   0.0   0.3   0.4   0.3   0.0
   0.0   0.1   0.2   0.1   0.0
   0.0   0.1   0.1   0.1   0.0
   0.0   0.0   0.0   0.0   0.0
   0.0   0.0   0.0   0.0   0.0
   0.0   0.0   0.0   0.0   0.0
   0.0   0.0   0.0   0.0   0.0
Model values at time =   66.0
   0.0   3.0   4.0   3.0   0.0
   0.0   1.4   1.9   1.4   0.0
   0.0   0.7   0.9   0.7   0.0
   0.0   0.3   0.4   0.3   0.0
   0.0   0.1   0.2   0.1   0.0
   0.0   0.1   0.1   0.1   0.0
   0.0   0.0   0.0   0.0   0.0
   0.0   0.0   0.0   0.0   0.0
   0.0   0.0   0.0   0.0   0.0
   0.0   0.0   0.0   0.0   0.0
Model values at time =   67.0
   0.0   3.0   4.0   3.0   0.0
   0.0   1.4   1.9   1.4   0.0
   0.0   0.7   0.9   0.7   0.0
   0.0   0.3   0.4   0.3   0.0
   0.0   0.1   0.2   0.1   0.0
   0.0   0.1   0.1   0.1   0.0
   0.0   0.0   0.0   0.0   0.0
   0.0   0.0   0.0   0.0   0.0
   0.0   0.0   0.0   0.0   0.0
   0.0   0.0   0.0   0.0   0.0
Model values at time =   68.0
   0.0   3.0   4.0   3.0   0.0
   0.0   1.4   1.9   1.4   0.0
   0.0   0.7   0.9   0.7   0.0
   0.0   0.3   0.4   0.3   0.0
   0.0   0.1   0.2   0.1   0.0
   0.0   0.1   0.1   0.1   0.0
   0.0   0.0   0.0   0.0   0.0
   0.0   0.0   0.0   0.0   0.0
   0.0   0.0   0.0   0.0   0.0
   0.0   0.0   0.0   0.0   0.0
Model values at time =   69.0
   0.0   3.0   4.0   3.0   0.0
   0.0   1.4   1.9   1.4   0.0
   0.0   0.7   0.9   0.7   0.0
   0.0   0.3   0.4   0.3   0.0
   0.0   0.1   0.2   0.1   0.0
   0.0   0.1   0.1   0.1   0.0
   0.0   0.0   0.0   0.0   0.0
   0.0   0.0   0.0   0.0   0.0
   0.0   0.0   0.0   0.0   0.0
   0.0   0.0   0.0   0.0   0.0
Model values at time =   70.0
   0.0   3.0   4.0   3.0   0.0
   0.0   1.4   1.9   1.4   0.0
   0.0   0.7   0.9   0.7   0.0
   0.0   0.3   0.4   0.3   0.0
   0.0   0.1   0.2   0.1   0.0
   0.0   0.1   0.1   0.1   0.0
   0.0   0.0   0.0   0.0   0.0
   0.0   0.0   0.0   0.0   0.0
   0.0   0.0   0.0   0.0   0.0
   0.0   0.0   0.0   0.0   0.0
Model values at time =   71.0
   0.0   3.0   4.0   3.0   0.0
   0.0   1.4   1.9   1.4   0.0
   0.0   0.7   0.9   0.7   0.0
   0.0   0.3   0.4   0.3   0.0
   0.0   0.1   0.2   0.1   0.0
   0.0   0.1   0.1   0.1   0.0
   0.0   0.0   0.0   0.0   0.0
   0.0   0.0   0.0   0.0   0.0
   0.0   0.0   0.0   0.0   0.0
   0.0   0.0   0.0   0.0   0.0
Model values at time =   72.0
   0.0   3.0   4.0   3.0   0.0
   0.0   1.4   1.9   1.4   0.0
   0.0   0.7   0.9   0.7   0.0
   0.0   0.3   0.4   0.3   0.0
   0.0   0.1   0.2   0.1   0.0
   0.0   0.1   0.1   0.1   0.0
   0.0   0.0   0.0   0.0   0.0
   0.0   0.0   0.0   0.0   0.0
   0.0   0.0   0.0   0.0   0.0
   0.0   0.0   0.0   0.0   0.0
Model values at time =   73.0
   0.0   3.0   4.0   3.0   0.0
   0.0   1.4   1.9   1.4   0.0
   0.0   0.7   0.9   0.7   0.0
   0.0   0.3   0.4   0.3   0.0
   0.0   0.1   0.2   0.1   0.0
   0.0   0.1   0.1   0.1   0.0
   0.0   0.0   0.0   0.0   0.0
   0.0   0.0   0.0   0.0   0.0
   0.0   0.0   0.0   0.0   0.0
   0.0   0.0   0.0   0.0   0.0
Model values at time =   74.0
   0.0   3.0   4.0   3.0   0.0
   0.0   1.4   1.9   1.4   0.0
   0.0   0.7   0.9   0.7   0.0
   0.0   0.3   0.4   0.3   0.0
   0.0   0.1   0.2   0.1   0.0
   0.0   0.1   0.1   0.1   0.0
   0.0   0.0   0.0   0.0   0.0
   0.0   0.0   0.0   0.0   0.0
   0.0   0.0   0.0   0.0   0.0
   0.0   0.0   0.0   0.0   0.0
Model values at time =   75.0
   0.0   3.0   4.0   3.0   0.0
   0.0   1.4   1.9   1.4   0.0
   0.0   0.7   0.9   0.7   0.0
   0.0   0.3   0.4   0.3   0.0
   0.0   0.1   0.2   0.1   0.0
   0.0   0.1   0.1   0.1   0.0
   0.0   0.0   0.0   0.0   0.0
   0.0   0.0   0.0   0.0   0.0
   0.0   0.0   0.0   0.0   0.0
   0.0   0.0   0.0   0.0   0.0
Model values at time =   76.0
   0.0   3.0   4.0   3.0   0.0
   0.0   1.4   1.9   1.4   0.0
   0.0   0.7   0.9   0.7   0.0
   0.0   0.3   0.4   0.3   0.0
   0.0   0.1   0.2   0.1   0.0
   0.0   0.1   0.1   0.1   0.0
   0.0   0.0   0.0   0.0   0.0
   0.0   0.0   0.0   0.0   0.0
   0.0   0.0   0.0   0.0   0.0
   0.0   0.0   0.0   0.0   0.0
Model values at time =   77.0
   0.0   3.0   4.0   3.0   0.0
   0.0   1.4   1.9   1.4   0.0
   0.0   0.7   0.9   0.7   0.0
   0.0   0.3   0.4   0.3   0.0
   0.0   0.1   0.2   0.1   0.0
   0.0   0.1   0.1   0.1   0.0
   0.0   0.0   0.0   0.0   0.0
   0.0   0.0   0.0   0.0   0.0
   0.0   0.0   0.0   0.0   0.0
   0.0   0.0   0.0   0.0   0.0
Model values at time =   78.0
   0.0   3.0   4.0   3.0   0.0
   0.0   1.4   1.9   1.4   0.0
   0.0   0.7   0.9   0.7   0.0
   0.0   0.3   0.4   0.3   0.0
   0.0   0.1   0.2   0.1   0.0
   0.0   0.1   0.1   0.1   0.0
   0.0   0.0   0.0   0.0   0.0
   0.0   0.0   0.0   0.0   0.0
   0.0   0.0   0.0   0.0   0.0
   0.0   0.0   0.0   0.0   0.0
Model values at time =   79.0
   0.0   3.0   4.0   3.0   0.0
   0.0   1.4   1.9   1.4   0.0
   0.0   0.7   0.9   0.7   0.0
   0.0   0.3   0.4   0.3   0.0
   0.0   0.1   0.2   0.1   0.0
   0.0   0.1   0.1   0.1   0.0
   0.0   0.0   0.0   0.0   0.0
   0.0   0.0   0.0   0.0   0.0
   0.0   0.0   0.0   0.0   0.0
   0.0   0.0   0.0   0.0   0.0
Model values at time =   80.0
   0.0   3.0   4.0   3.0   0.0
   0.0   1.4   1.9   1.4   0.0
   0.0   0.7   0.9   0.7   0.0
   0.0   0.3   0.4   0.3   0.0
   0.0   0.1   0.2   0.1   0.0
   0.0   0.1   0.1   0.1   0.0
   0.0   0.0   0.0   0.0   0.0
   0.0   0.0   0.0   0.0   0.0
   0.0   0.0   0.0   0.0   0.0
   0.0   0.0   0.0   0.0   0.0
Model values at time =   81.0
   0.0   3.0   4.0   3.0   0.0
   0.0   1.4   1.9   1.4   0.0
   0.0   0.7   0.9   0.7   0.0
   0.0   0.3   0.4   0.3   0.0
   0.0   0.1   0.2   0.1   0.0
   0.0   0.1   0.1   0.1   0.0
   0.0   0.0   0.0   0.0   0.0
   0.0   0.0   0.0   0.0   0.0
   0.0   0.0   0.0   0.0   0.0
   0.0   0.0   0.0   0.0   0.0
Model values at time =   82.0
   0.0   3.0   4.0   3.0   0.0
   0.0   1.4   1.9   1.4   0.0
   0.0   0.7   0.9   0.7   0.0
   0.0   0.3   0.4   0.3   0.0
   0.0   0.1   0.2   0.1   0.0
   0.0   0.1   0.1   0.1   0.0
   0.0   0.0   0.0   0.0   0.0
   0.0   0.0   0.0   0.0   0.0
   0.0   0.0   0.0   0.0   0.0
   0.0   0.0   0.0   0.0   0.0
Model values at time =   83.0
   0.0   3.0   4.0   3.0   0.0
   0.0   1.4   1.9   1.4   0.0
   0.0   0.7   0.9   0.7   0.0
   0.0   0.3   0.4   0.3   0.0
   0.0   0.1   0.2   0.1   0.0
   0.0   0.1   0.1   0.1   0.0
   0.0   0.0   0.0   0.0   0.0
   0.0   0.0   0.0   0.0   0.0
   0.0   0.0   0.0   0.0   0.0
   0.0   0.0   0.0   0.0   0.0
Model values at time =   84.0
   0.0   3.0   4.0   3.0   0.0
   0.0   1.4   1.9   1.4   0.0
   0.0   0.7   0.9   0.7   0.0
   0.0   0.3   0.4   0.3   0.0
   0.0   0.1   0.2   0.1   0.0
   0.0   0.1   0.1   0.1   0.0
   0.0   0.0   0.0   0.0   0.0
   0.0   0.0   0.0   0.0   0.0
   0.0   0.0   0.0   0.0   0.0
   0.0   0.0   0.0   0.0   0.0
Model values at time =   85.0
   0.0   3.0   4.0   3.0   0.0
   0.0   1.4   1.9   1.4   0.0
   0.0   0.7   0.9   0.7   0.0
   0.0   0.3   0.4   0.3   0.0
   0.0   0.1   0.2   0.1   0.0
   0.0   0.1   0.1   0.1   0.0
   0.0   0.0   0.0   0.0   0.0
   0.0   0.0   0.0   0.0   0.0
   0.0   0.0   0.0   0.0   0.0
   0.0   0.0   0.0   0.0   0.0
Model values at time =   86.0
   0.0   3.0   4.0   3.0   0.0
   0.0   1.4   1.9   1.4   0.0
   0.0   0.7   0.9   0.7   0.0
   0.0   0.3   0.4   0.3   0.0
   0.0   0.1   0.2   0.1   0.0
   0.0   0.1   0.1   0.1   0.0
   0.0   0.0   0.0   0.0   0.0
   0.0   0.0   0.0   0.0   0.0
   0.0   0.0   0.0   0.0   0.0
   0.0   0.0   0.0   0.0   0.0
Model values at time =   87.0
   0.0   3.0   4.0   3.0   0.0
   0.0   1.4   1.9   1.4   0.0
   0.0   0.7   0.9   0.7   0.0
   0.0   0.3   0.4   0.3   0.0
   0.0   0.1   0.2   0.1   0.0
   0.0   0.1   0.1   0.1   0.0
   0.0   0.0   0.0   0.0   0.0
   0.0   0.0   0.0   0.0   0.0
   0.0   0.0   0.0   0.0   0.0
   0.0   0.0   0.0   0.0   0.0
Model values at time =   88.0
   0.0   3.0   4.0   3.0   0.0
   0.0   1.4   1.9   1.4   0.0
   0.0   0.7   0.9   0.7   0.0
   0.0   0.3   0.4   0.3   0.0
   0.0   0.1   0.2   0.1   0.0
   0.0   0.1   0.1   0.1   0.0
   0.0   0.0   0.0   0.0   0.0
   0.0   0.0   0.0   0.0   0.0
   0.0   0.0   0.0   0.0   0.0
   0.0   0.0   0.0   0.0   0.0
Model values at time =   89.0
   0.0   3.0   4.0   3.0   0.0
   0.0   1.4   1.9   1.4   0.0
   0.0   0.7   0.9   0.7   0.0
   0.0   0.3   0.4   0.3   0.0
   0.0   0.1   0.2   0.1   0.0
   0.0   0.1   0.1   0.1   0.0
   0.0   0.0   0.0   0.0   0.0
   0.0   0.0   0.0   0.0   0.0
   0.0   0.0   0.0   0.0   0.0
   0.0   0.0   0.0   0.0   0.0
Model values at time =   90.0
   0.0   3.0   4.0   3.0   0.0
   0.0   1.4   1.9   1.4   0.0
   0.0   0.7   0.9   0.7   0.0
   0.0   0.3   0.4   0.3   0.0
   0.0   0.1   0.2   0.1   0.0
   0.0   0.1   0.1   0.1   0.0
   0.0   0.0   0.0   0.0   0.0
   0.0   0.0   0.0   0.0   0.0
   0.0   0.0   0.0   0.0   0.0
   0.0   0.0   0.0   0.0   0.0
Model values at time =   91.0
   0.0   3.0   4.0   3.0   0.0
   0.0   1.4   1.9   1.4   0.0
   0.0   0.7   0.9   0.7   0.0
   0.0   0.3   0.4   0.3   0.0
   0.0   0.1   0.2   0.1   0.0
   0.0   0.1   0.1   0.1   0.0
   0.0   0.0   0.0   0.0   0.0
   0.0   0.0   0.0   0.0   0.0
   0.0   0.0   0.0   0.0   0.0
   0.0   0.0   0.0   0.0   0.0
Model values at time =   92.0
   0.0   3.0   4.0   3.0   0.0
   0.0   1.4   1.9   1.4   0.0
   0.0   0.7   0.9   0.7   0.0
   0.0   0.3   0.4   0.3   0.0
   0.0   0.1   0.2   0.1   0.0
   0.0   0.1   0.1   0.1   0.0
   0.0   0.0   0.0   0.0   0.0
   0.0   0.0   0.0   0.0   0.0
   0.0   0.0   0.0   0.0   0.0
   0.0   0.0   0.0   0.0   0.0
Model values at time =   93.0
   0.0   3.0   4.0   3.0   0.0
   0.0   1.4   1.9   1.4   0.0
   0.0   0.7   0.9   0.7   0.0
   0.0   0.3   0.4   0.3   0.0
   0.0   0.1   0.2   0.1   0.0
   0.0   0.1   0.1   0.1   0.0
   0.0   0.0   0.0   0.0   0.0
   0.0   0.0   0.0   0.0   0.0
   0.0   0.0   0.0   0.0   0.0
   0.0   0.0   0.0   0.0   0.0
Model values at time =   94.0
   0.0   3.0   4.0   3.0   0.0
   0.0   1.4   1.9   1.4   0.0
   0.0   0.7   0.9   0.7   0.0
   0.0   0.3   0.4   0.3   0.0
   0.0   0.1   0.2   0.1   0.0
   0.0   0.1   0.1   0.1   0.0
   0.0   0.0   0.0   0.0   0.0
   0.0   0.0   0.0   0.0   0.0
   0.0   0.0   0.0   0.0   0.0
   0.0   0.0   0.0   0.0   0.0
Model values at time =   95.0
   0.0   3.0   4.0   3.0   0.0
   0.0   1.4   1.9   1.4   0.0
   0.0   0.7   0.9   0.7   0.0
   0.0   0.3   0.4   0.3   0.0
   0.0   0.1   0.2   0.1   0.0
   0.0   0.1   0.1   0.1   0.0
   0.0   0.0   0.0   0.0   0.0
   0.0   0.0   0.0   0.0   0.0
   0.0   0.0   0.0   0.0   0.0
   0.0   0.0   0.0   0.0   0.0
Model values at time =   96.0
   0.0   3.0   4.0   3.0   0.0
   0.0   1.4   1.9   1.4   0.0
   0.0   0.7   0.9   0.7   0.0
   0.0   0.3   0.4   0.3   0.0
   0.0   0.1   0.2   0.1   0.0
   0.0   0.1   0.1   0.1   0.0
   0.0   0.0   0.0   0.0   0.0
   0.0   0.0   0.0   0.0   0.0
   0.0   0.0   0.0   0.0   0.0
   0.0   0.0   0.0   0.0   0.0
Model values at time =   97.0
   0.0   3.0   4.0   3.0   0.0
   0.0   1.4   1.9   1.4   0.0
   0.0   0.7   0.9   0.7   0.0
   0.0   0.3   0.4   0.3   0.0
   0.0   0.1   0.2   0.1   0.0
   0.0   0.1   0.1   0.1   0.0
   0.0   0.0   0.0   0.0   0.0
   0.0   0.0   0.0   0.0   0.0
   0.0   0.0   0.0   0.0   0.0
   0.0   0.0   0.0   0.0   0.0
Model values at time =   98.0
   0.0   3.0   4.0   3.0   0.0
   0.0   1.4   1.9   1.4   0.0
   0.0   0.7   0.9   0.7   0.0
   0.0   0.3   0.4   0.3   0.0
   0.0   0.1   0.2   0.1   0.0
   0.0   0.1   0.1   0.1   0.0
   0.0   0.0   0.0   0.0   0.0
   0.0   0.0   0.0   0.0   0.0
   0.0   0.0   0.0   0.0   0.0
   0.0   0.0   0.0   0.0   0.0
Model values at time =   99.0
   0.0   3.0   4.0   3.0   0.0
   0.0   1.4   1.9   1.4   0.0
   0.0   0.7   0.9   0.7   0.0
   0.0   0.3   0.4   0.3   0.0
   0.0   0.1   0.2   0.1   0.0
   0.0   0.1   0.1   0.1   0.0
   0.0   0.0   0.0   0.0   0.0
   0.0   0.0   0.0   0.0   0.0
   0.0   0.0   0.0   0.0   0.0
   0.0   0.0   0.0   0.0   0.0
Model values at time =  100.0
   0.0   3.0   4.0   3.0   0.0
   0.0   1.4   1.9   1.4   0.0
   0.0   0.7   0.9   0.7   0.0
   0.0   0.3   0.4   0.3   0.0
   0.0   0.1   0.2   0.1   0.0
   0.0   0.1   0.1   0.1   0.0
   0.0   0.0   0.0   0.0   0.0
   0.0   0.0   0.0   0.0   0.0
   0.0   0.0   0.0   0.0   0.0
   0.0   0.0   0.0   0.0   0.0
Finalize model.
